# Logfile created on 2014-03-14 18:46:47 -0300 by logger.rb/44203
I, [2014-03-14T18:46:47.648730 #45317]  INFO -- : 0:  rake (0.9.2.2) from /Users/Thoughtworker/.rvm/gems/ruby-2.1.0/specifications/rake-0.9.2.2.gemspec
I, [2014-03-14T18:46:49.647988 #45317]  INFO -- : 0:  crack (0.3.1) from /Users/Thoughtworker/.rvm/gems/ruby-2.1.0/specifications/crack-0.3.1.gemspec
I, [2014-03-14T18:46:53.948800 #45317]  INFO -- : 0:  gosu (0.7.45) from /Users/Thoughtworker/.rvm/gems/ruby-2.1.0/specifications/gosu-0.7.45-universal-darwin.gemspec
I, [2014-03-14T18:46:56.639126 #45317]  INFO -- : 0:  mime-types (1.19) from /Users/Thoughtworker/.rvm/gems/ruby-2.1.0/specifications/mime-types-1.19.gemspec
I, [2014-03-14T18:46:59.304795 #45317]  INFO -- : 0:  rest-client (1.6.7) from /Users/Thoughtworker/.rvm/gems/ruby-2.1.0/specifications/rest-client-1.6.7.gemspec
I, [2014-03-14T18:47:03.351698 #45317]  INFO -- : 0:  chingu (0.8.1) from /Users/Thoughtworker/.rvm/gems/ruby-2.1.0/specifications/chingu-0.8.1.gemspec
I, [2014-03-14T18:47:05.715044 #45317]  INFO -- : 0:  coderay (1.0.8) from /Users/Thoughtworker/.rvm/gems/ruby-2.1.0/specifications/coderay-1.0.8.gemspec
I, [2014-03-14T18:47:07.713944 #45317]  INFO -- : 0:  dice (0.0.3) from /Users/Thoughtworker/.rvm/gems/ruby-2.1.0/specifications/dice-0.0.3.gemspec
I, [2014-03-14T18:47:09.491148 #45317]  INFO -- : 0:  diff-lcs (1.1.3) from /Users/Thoughtworker/.rvm/gems/ruby-2.1.0/specifications/diff-lcs-1.1.3.gemspec
I, [2014-03-14T18:47:11.861213 #45317]  INFO -- : 0:  highline (1.6.14) from /Users/Thoughtworker/.rvm/gems/ruby-2.1.0/specifications/highline-1.6.14.gemspec
I, [2014-03-14T18:47:14.206485 #45317]  INFO -- : 0:  method_source (0.8.1) from /Users/Thoughtworker/.rvm/gems/ruby-2.1.0/specifications/method_source-0.8.1.gemspec
I, [2014-03-14T18:47:14.225216 #45317]  INFO -- : 0:  minotaur (0.0.1) from /Users/Thoughtworker/Dropbox/Development/etc/minotaur/minotaur.gemspec
I, [2014-03-14T18:47:16.780155 #45317]  INFO -- : 0:  slop (3.3.3) from /Users/Thoughtworker/.rvm/gems/ruby-2.1.0/specifications/slop-3.3.3.gemspec
I, [2014-03-14T18:47:18.967257 #45317]  INFO -- : 0:  pry (0.9.10) from /Users/Thoughtworker/.rvm/gems/ruby-2.1.0/specifications/pry-0.9.10.gemspec
I, [2014-03-14T18:47:21.441832 #45317]  INFO -- : 0:  sexp_processor (3.2.0) from /Users/Thoughtworker/.rvm/gems/ruby-2.1.0/specifications/sexp_processor-3.2.0.gemspec
I, [2014-03-14T18:47:23.145558 #45317]  INFO -- : 0:  ripper_ruby_parser (0.0.8) from /Users/Thoughtworker/.rvm/gems/ruby-2.1.0/specifications/ripper_ruby_parser-0.0.8.gemspec
I, [2014-03-14T18:47:26.113284 #45317]  INFO -- : 0:  ruby_parser (2.3.1) from /Users/Thoughtworker/.rvm/gems/ruby-2.1.0/specifications/ruby_parser-2.3.1.gemspec
I, [2014-03-14T18:47:28.031691 #45317]  INFO -- : 0:  ruby2ruby (1.2.5) from /Users/Thoughtworker/.rvm/gems/ruby-2.1.0/specifications/ruby2ruby-1.2.5.gemspec
I, [2014-03-14T18:47:31.217033 #45317]  INFO -- : 0:  reek (1.2.12) from /Users/Thoughtworker/.rvm/gems/ruby-2.1.0/specifications/reek-1.2.12.gemspec
I, [2014-03-14T18:47:34.282308 #45317]  INFO -- : 0:  rspec-core (2.11.1) from /Users/Thoughtworker/.rvm/gems/ruby-2.1.0/specifications/rspec-core-2.11.1.gemspec
I, [2014-03-14T18:47:37.054498 #45317]  INFO -- : 0:  rspec-expectations (2.11.3) from /Users/Thoughtworker/.rvm/gems/ruby-2.1.0/specifications/rspec-expectations-2.11.3.gemspec
I, [2014-03-14T18:47:39.749075 #45317]  INFO -- : 0:  rspec-mocks (2.11.3) from /Users/Thoughtworker/.rvm/gems/ruby-2.1.0/specifications/rspec-mocks-2.11.3.gemspec
I, [2014-03-14T18:47:41.246975 #45317]  INFO -- : 0:  rspec (2.11.0) from /Users/Thoughtworker/.rvm/gems/ruby-2.1.0/specifications/rspec-2.11.0.gemspec
I, [2014-03-14T18:47:44.069814 #45317]  INFO -- : 0:  thor (0.16.0) from /Users/Thoughtworker/.rvm/gems/ruby-2.1.0/specifications/thor-0.16.0.gemspec
I, [2014-03-14T18:47:44.070301 #45317]  INFO -- : 0:  bundler (1.5.1) from /Users/Thoughtworker/.rvm/gems/ruby-2.1.0@global/specifications/bundler-1.5.1.gemspec
I, [2014-03-16T15:16:48.501259 #70033]  INFO -- : 0:  rake (0.9.2.2) from /Users/Thoughtworker/.rvm/gems/ruby-2.1.0/specifications/rake-0.9.2.2.gemspec
I, [2014-03-16T15:16:48.502384 #70033]  INFO -- : 0:  crack (0.3.1) from /Users/Thoughtworker/.rvm/gems/ruby-2.1.0/specifications/crack-0.3.1.gemspec
I, [2014-03-16T15:16:48.502716 #70033]  INFO -- : 0:  gosu (0.7.45) from /Users/Thoughtworker/.rvm/gems/ruby-2.1.0/specifications/gosu-0.7.45-universal-darwin.gemspec
I, [2014-03-16T15:16:48.503003 #70033]  INFO -- : 0:  mime-types (1.19) from /Users/Thoughtworker/.rvm/gems/ruby-2.1.0/specifications/mime-types-1.19.gemspec
I, [2014-03-16T15:16:48.503298 #70033]  INFO -- : 0:  rest-client (1.6.7) from /Users/Thoughtworker/.rvm/gems/ruby-2.1.0/specifications/rest-client-1.6.7.gemspec
I, [2014-03-16T15:16:48.503544 #70033]  INFO -- : 0:  chingu (0.8.1) from /Users/Thoughtworker/.rvm/gems/ruby-2.1.0/specifications/chingu-0.8.1.gemspec
I, [2014-03-16T15:16:48.503790 #70033]  INFO -- : 0:  coderay (1.0.8) from /Users/Thoughtworker/.rvm/gems/ruby-2.1.0/specifications/coderay-1.0.8.gemspec
I, [2014-03-16T15:16:48.504029 #70033]  INFO -- : 0:  dice (0.0.3) from /Users/Thoughtworker/.rvm/gems/ruby-2.1.0/specifications/dice-0.0.3.gemspec
I, [2014-03-16T15:16:48.504291 #70033]  INFO -- : 0:  diff-lcs (1.1.3) from /Users/Thoughtworker/.rvm/gems/ruby-2.1.0/specifications/diff-lcs-1.1.3.gemspec
I, [2014-03-16T15:16:48.504539 #70033]  INFO -- : 0:  highline (1.6.14) from /Users/Thoughtworker/.rvm/gems/ruby-2.1.0/specifications/highline-1.6.14.gemspec
I, [2014-03-16T15:16:48.504789 #70033]  INFO -- : 0:  method_source (0.8.1) from /Users/Thoughtworker/.rvm/gems/ruby-2.1.0/specifications/method_source-0.8.1.gemspec
I, [2014-03-16T15:16:48.534933 #70033]  INFO -- : 0:  minotaur (0.0.1) from /Users/Thoughtworker/Dropbox/Development/etc/minotaur/minotaur.gemspec
I, [2014-03-16T15:16:48.535420 #70033]  INFO -- : 0:  slop (3.3.3) from /Users/Thoughtworker/.rvm/gems/ruby-2.1.0/specifications/slop-3.3.3.gemspec
I, [2014-03-16T15:16:48.535726 #70033]  INFO -- : 0:  pry (0.9.10) from /Users/Thoughtworker/.rvm/gems/ruby-2.1.0/specifications/pry-0.9.10.gemspec
I, [2014-03-16T15:16:48.535992 #70033]  INFO -- : 0:  sexp_processor (3.2.0) from /Users/Thoughtworker/.rvm/gems/ruby-2.1.0/specifications/sexp_processor-3.2.0.gemspec
I, [2014-03-16T15:16:48.536282 #70033]  INFO -- : 0:  ripper_ruby_parser (0.0.8) from /Users/Thoughtworker/.rvm/gems/ruby-2.1.0/specifications/ripper_ruby_parser-0.0.8.gemspec
I, [2014-03-16T15:16:48.536525 #70033]  INFO -- : 0:  ruby_parser (2.3.1) from /Users/Thoughtworker/.rvm/gems/ruby-2.1.0/specifications/ruby_parser-2.3.1.gemspec
I, [2014-03-16T15:16:48.536790 #70033]  INFO -- : 0:  ruby2ruby (1.2.5) from /Users/Thoughtworker/.rvm/gems/ruby-2.1.0/specifications/ruby2ruby-1.2.5.gemspec
I, [2014-03-16T15:16:48.537106 #70033]  INFO -- : 0:  reek (1.2.12) from /Users/Thoughtworker/.rvm/gems/ruby-2.1.0/specifications/reek-1.2.12.gemspec
I, [2014-03-16T15:16:48.537403 #70033]  INFO -- : 0:  rspec-core (2.11.1) from /Users/Thoughtworker/.rvm/gems/ruby-2.1.0/specifications/rspec-core-2.11.1.gemspec
I, [2014-03-16T15:16:48.537738 #70033]  INFO -- : 0:  rspec-expectations (2.11.3) from /Users/Thoughtworker/.rvm/gems/ruby-2.1.0/specifications/rspec-expectations-2.11.3.gemspec
I, [2014-03-16T15:16:48.538083 #70033]  INFO -- : 0:  rspec-mocks (2.11.3) from /Users/Thoughtworker/.rvm/gems/ruby-2.1.0/specifications/rspec-mocks-2.11.3.gemspec
I, [2014-03-16T15:16:48.538412 #70033]  INFO -- : 0:  rspec (2.11.0) from /Users/Thoughtworker/.rvm/gems/ruby-2.1.0/specifications/rspec-2.11.0.gemspec
I, [2014-03-16T15:16:48.538673 #70033]  INFO -- : 0:  thor (0.16.0) from /Users/Thoughtworker/.rvm/gems/ruby-2.1.0/specifications/thor-0.16.0.gemspec
I, [2014-03-16T15:16:48.538906 #70033]  INFO -- : 0:  bundler (1.5.1) from /Users/Thoughtworker/.rvm/gems/ruby-2.1.0@global/specifications/bundler-1.5.1.gemspec
